<?xml version="1.0" encoding="UTF-8"?>
<testng-results ignored="0" total="1" passed="1" failed="0" skipped="0">
  <reporter-output>
  </reporter-output>
  <suite started-at="2020-11-16T17:17:52 IST" name="Default suite" finished-at="2020-11-16T17:18:56 IST" duration-ms="63638">
    <groups>
    </groups>
    <test started-at="2020-11-16T17:17:52 IST" name="Default test" finished-at="2020-11-16T17:18:56 IST" duration-ms="63638">
      <class name="mystore.ProceedtoCheckout">
        <test-method is-config="true" signature="invokeBrowser()[pri:0, instance:mystore.ProceedtoCheckout@c86b9e3]" started-at="2020-11-16T17:17:52 IST" name="invokeBrowser" finished-at="2020-11-16T17:17:52 IST" duration-ms="19" status="PASS">
          <reporter-output>
          </reporter-output>
        </test-method> <!-- invokeBrowser -->
        <test-method signature="ProceedToCheckout()[pri:0, instance:mystore.ProceedtoCheckout@c86b9e3]" started-at="2020-11-16T17:17:52 IST" name="ProceedToCheckout" finished-at="2020-11-16T17:18:56 IST" duration-ms="63566" status="PASS">
          <reporter-output>
          </reporter-output>
        </test-method> <!-- ProceedToCheckout -->
        <test-method is-config="true" signature="closeBrowser()[pri:0, instance:mystore.ProceedtoCheckout@c86b9e3]" started-at="2020-11-16T17:18:56 IST" name="closeBrowser" finished-at="2020-11-16T17:18:56 IST" duration-ms="1" status="PASS">
          <reporter-output>
          </reporter-output>
        </test-method> <!-- closeBrowser -->
      </class> <!-- mystore.ProceedtoCheckout -->
    </test> <!-- Default test -->
  </suite> <!-- Default suite -->
</testng-results>
